<?xml version="1.0" encoding="UTF-8"?>
<testng-results ignored="0" total="17" passed="17" failed="0" skipped="0">
  <reporter-output>
    <line>
      <![CDATA[Total number of visible accounts: 10]]>
    </line>
    <line>
      <![CDATA[Receiver is Shebon]]>
    </line>
  </reporter-output>
  <suite started-at="2023-05-13T13:32:53 PST" name="Default suite" finished-at="2023-05-13T13:33:15 PST" duration-ms="21835">
    <groups>
    </groups>
    <test started-at="2023-05-13T13:32:53 PST" name="Default test" finished-at="2023-05-13T13:33:15 PST" duration-ms="21835">
      <class name="androidTabletTest.AndroidTabletMyBankApp">
        <test-method is-config="true" signature="beforeSuite()[pri:0, instance:androidTabletTest.AndroidTabletMyBankApp@536f2a7e]" started-at="2023-05-13T13:32:53 PST" name="beforeSuite" finished-at="2023-05-13T13:32:53 PST" duration-ms="96" status="PASS">
          <reporter-output>
          </reporter-output>
        </test-method> <!-- beforeSuite -->
        <test-method is-config="true" signature="configureAppLaunch()[pri:0, instance:androidTabletTest.AndroidTabletMyBankApp@536f2a7e]" started-at="2023-05-13T13:32:53 PST" name="configureAppLaunch" finished-at="2023-05-13T13:33:01 PST" duration-ms="7625" status="PASS">
          <reporter-output>
          </reporter-output>
        </test-method> <!-- configureAppLaunch -->
        <test-method signature="verifyLaunchMyBankApp_MyBank_01()[pri:0, instance:androidTabletTest.AndroidTabletMyBankApp@536f2a7e]" started-at="2023-05-13T13:33:01 PST" name="verifyLaunchMyBankApp_MyBank_01" finished-at="2023-05-13T13:33:01 PST" duration-ms="747" status="PASS">
          <reporter-output>
          </reporter-output>
        </test-method> <!-- verifyLaunchMyBankApp_MyBank_01 -->
        <test-method signature="viewAccounts_MyBank_01()[pri:1, instance:androidTabletTest.AndroidTabletMyBankApp@536f2a7e]" started-at="2023-05-13T13:33:01 PST" name="viewAccounts_MyBank_01" finished-at="2023-05-13T13:33:01 PST" duration-ms="70" status="PASS">
          <reporter-output>
          </reporter-output>
        </test-method> <!-- viewAccounts_MyBank_01 -->
        <test-method signature="validateBankingSystem_MyBank_01()[pri:2, instance:androidTabletTest.AndroidTabletMyBankApp@536f2a7e]" started-at="2023-05-13T13:33:01 PST" name="validateBankingSystem_MyBank_01" finished-at="2023-05-13T13:33:03 PST" duration-ms="1652" status="PASS">
          <reporter-output>
          </reporter-output>
        </test-method> <!-- validateBankingSystem_MyBank_01 -->
        <test-method signature="countAccounts_MyBank_01()[pri:3, instance:androidTabletTest.AndroidTabletMyBankApp@536f2a7e]" started-at="2023-05-13T13:33:03 PST" name="countAccounts_MyBank_01" finished-at="2023-05-13T13:33:04 PST" duration-ms="624" status="PASS">
          <reporter-output>
            <line>
              <![CDATA[Total number of visible accounts: 10]]>
            </line>
          </reporter-output>
        </test-method> <!-- countAccounts_MyBank_01 -->
        <test-method signature="getUserAccount_MyBank_02()[pri:4, instance:androidTabletTest.AndroidTabletMyBankApp@536f2a7e]" started-at="2023-05-13T13:33:04 PST" name="getUserAccount_MyBank_02" finished-at="2023-05-13T13:33:04 PST" duration-ms="163" status="PASS">
          <reporter-output>
          </reporter-output>
        </test-method> <!-- getUserAccount_MyBank_02 -->
        <test-method signature="validateCustomerName_MyBank_02()[pri:5, instance:androidTabletTest.AndroidTabletMyBankApp@536f2a7e]" started-at="2023-05-13T13:33:04 PST" name="validateCustomerName_MyBank_02" finished-at="2023-05-13T13:33:05 PST" duration-ms="1529" status="PASS">
          <reporter-output>
          </reporter-output>
        </test-method> <!-- validateCustomerName_MyBank_02 -->
        <test-method signature="validateAccountNumber_MyBank_02()[pri:6, instance:androidTabletTest.AndroidTabletMyBankApp@536f2a7e]" started-at="2023-05-13T13:33:05 PST" name="validateAccountNumber_MyBank_02" finished-at="2023-05-13T13:33:05 PST" duration-ms="79" status="PASS">
          <reporter-output>
          </reporter-output>
        </test-method> <!-- validateAccountNumber_MyBank_02 -->
        <test-method signature="validateAccountEmail_MyBank_02()[pri:7, instance:androidTabletTest.AndroidTabletMyBankApp@536f2a7e]" started-at="2023-05-13T13:33:05 PST" name="validateAccountEmail_MyBank_02" finished-at="2023-05-13T13:33:06 PST" duration-ms="54" status="PASS">
          <reporter-output>
          </reporter-output>
        </test-method> <!-- validateAccountEmail_MyBank_02 -->
        <test-method signature="validateAccountMobileNumber_MyBank_02()[pri:8, instance:androidTabletTest.AndroidTabletMyBankApp@536f2a7e]" started-at="2023-05-13T13:33:06 PST" name="validateAccountMobileNumber_MyBank_02" finished-at="2023-05-13T13:33:06 PST" duration-ms="48" status="PASS">
          <reporter-output>
          </reporter-output>
        </test-method> <!-- validateAccountMobileNumber_MyBank_02 -->
        <test-method signature="validateAccountIFSCCode_MyBank_02()[pri:9, instance:androidTabletTest.AndroidTabletMyBankApp@536f2a7e]" started-at="2023-05-13T13:33:06 PST" name="validateAccountIFSCCode_MyBank_02" finished-at="2023-05-13T13:33:06 PST" duration-ms="270" status="PASS">
          <reporter-output>
          </reporter-output>
        </test-method> <!-- validateAccountIFSCCode_MyBank_02 -->
        <test-method signature="validateAccountCurrentBalance_MyBank_02()[pri:10, instance:androidTabletTest.AndroidTabletMyBankApp@536f2a7e]" started-at="2023-05-13T13:33:06 PST" name="validateAccountCurrentBalance_MyBank_02" finished-at="2023-05-13T13:33:06 PST" duration-ms="199" status="PASS">
          <reporter-output>
          </reporter-output>
        </test-method> <!-- validateAccountCurrentBalance_MyBank_02 -->
        <test-method signature="getUserAccount_MyBank_03()[pri:11, instance:androidTabletTest.AndroidTabletMyBankApp@536f2a7e]" started-at="2023-05-13T13:33:06 PST" name="getUserAccount_MyBank_03" finished-at="2023-05-13T13:33:08 PST" duration-ms="1946" status="PASS">
          <reporter-output>
          </reporter-output>
        </test-method> <!-- getUserAccount_MyBank_03 -->
        <test-method signature="makeTransaction_MyBank_03()[pri:12, instance:androidTabletTest.AndroidTabletMyBankApp@536f2a7e]" started-at="2023-05-13T13:33:08 PST" name="makeTransaction_MyBank_03" finished-at="2023-05-13T13:33:11 PST" duration-ms="2611" status="PASS">
          <reporter-output>
          </reporter-output>
        </test-method> <!-- makeTransaction_MyBank_03 -->
        <test-method signature="selectReceiverAndConfirm_MyBank_03()[pri:13, instance:androidTabletTest.AndroidTabletMyBankApp@536f2a7e]" started-at="2023-05-13T13:33:11 PST" name="selectReceiverAndConfirm_MyBank_03" finished-at="2023-05-13T13:33:12 PST" duration-ms="1354" status="PASS">
          <reporter-output>
            <line>
              <![CDATA[Receiver is Shebon]]>
            </line>
          </reporter-output>
        </test-method> <!-- selectReceiverAndConfirm_MyBank_03 -->
        <test-method signature="verifyTransaction_MyBank_03()[pri:14, instance:androidTabletTest.AndroidTabletMyBankApp@536f2a7e]" started-at="2023-05-13T13:33:12 PST" name="verifyTransaction_MyBank_03" finished-at="2023-05-13T13:33:13 PST" duration-ms="1261" status="PASS">
          <reporter-output>
          </reporter-output>
        </test-method> <!-- verifyTransaction_MyBank_03 -->
        <test-method signature="clickSearchButton_MyBank_04()[pri:15, instance:androidTabletTest.AndroidTabletMyBankApp@536f2a7e]" started-at="2023-05-13T13:33:13 PST" name="clickSearchButton_MyBank_04" finished-at="2023-05-13T13:33:13 PST" duration-ms="120" status="PASS">
          <reporter-output>
          </reporter-output>
        </test-method> <!-- clickSearchButton_MyBank_04 -->
        <test-method signature="validateTransaction_MyBank_04()[pri:16, instance:androidTabletTest.AndroidTabletMyBankApp@536f2a7e]" started-at="2023-05-13T13:33:13 PST" name="validateTransaction_MyBank_04" finished-at="2023-05-13T13:33:15 PST" duration-ms="1414" status="PASS">
          <reporter-output>
          </reporter-output>
        </test-method> <!-- validateTransaction_MyBank_04 -->
        <test-method is-config="true" signature="afterClass()[pri:0, instance:androidTabletTest.AndroidTabletMyBankApp@536f2a7e]" started-at="2023-05-13T13:33:15 PST" name="afterClass" finished-at="2023-05-13T13:33:15 PST" duration-ms="98" status="PASS">
          <reporter-output>
          </reporter-output>
        </test-method> <!-- afterClass -->
      </class> <!-- androidTabletTest.AndroidTabletMyBankApp -->
    </test> <!-- Default test -->
  </suite> <!-- Default suite -->
</testng-results>
