<?xml version="1.0" encoding="UTF-8"?>
<!-- Generated by org.testng.reporters.JUnitXMLReporter -->
<testsuite ignored="0" hostname="collaberas-mbp" failures="0" tests="17" name="Default test" time="21.835" errors="0" timestamp="2023-05-13T13:33:15 PST">
  <testcase classname="androidTabletTest.AndroidTabletMyBankApp" name="verifyLaunchMyBankApp_MyBank_01" time="0.747"/>
  <testcase classname="androidTabletTest.AndroidTabletMyBankApp" name="viewAccounts_MyBank_01" time="0.07"/>
  <testcase classname="androidTabletTest.AndroidTabletMyBankApp" name="validateBankingSystem_MyBank_01" time="1.652"/>
  <testcase classname="androidTabletTest.AndroidTabletMyBankApp" name="countAccounts_MyBank_01" time="0.624"/>
  <testcase classname="androidTabletTest.AndroidTabletMyBankApp" name="getUserAccount_MyBank_02" time="0.163"/>
  <testcase classname="androidTabletTest.AndroidTabletMyBankApp" name="validateCustomerName_MyBank_02" time="1.529"/>
  <testcase classname="androidTabletTest.AndroidTabletMyBankApp" name="validateAccountNumber_MyBank_02" time="0.079"/>
  <testcase classname="androidTabletTest.AndroidTabletMyBankApp" name="validateAccountEmail_MyBank_02" time="0.054"/>
  <testcase classname="androidTabletTest.AndroidTabletMyBankApp" name="validateAccountMobileNumber_MyBank_02" time="0.048"/>
  <testcase classname="androidTabletTest.AndroidTabletMyBankApp" name="validateAccountIFSCCode_MyBank_02" time="0.27"/>
  <testcase classname="androidTabletTest.AndroidTabletMyBankApp" name="validateAccountCurrentBalance_MyBank_02" time="0.199"/>
  <testcase classname="androidTabletTest.AndroidTabletMyBankApp" name="getUserAccount_MyBank_03" time="1.946"/>
  <testcase classname="androidTabletTest.AndroidTabletMyBankApp" name="makeTransaction_MyBank_03" time="2.611"/>
  <testcase classname="androidTabletTest.AndroidTabletMyBankApp" name="selectReceiverAndConfirm_MyBank_03" time="1.354"/>
  <testcase classname="androidTabletTest.AndroidTabletMyBankApp" name="verifyTransaction_MyBank_03" time="1.261"/>
  <testcase classname="androidTabletTest.AndroidTabletMyBankApp" name="clickSearchButton_MyBank_04" time="0.12"/>
  <testcase classname="androidTabletTest.AndroidTabletMyBankApp" name="validateTransaction_MyBank_04" time="1.414"/>
</testsuite> <!-- Default test -->
