<?xml version="1.0" encoding="UTF-8"?>
<!-- Generated by org.testng.reporters.JUnitXMLReporter -->
<testsuite ignored="0" hostname="collaberas-mbp" failures="0" tests="21" name="Android Tablet Test" time="38.8" errors="0" timestamp="2023-05-12T17:31:10 PST">
  <testcase classname="androidTabletTest.AndroidTabletMyBank_01" name="verifyLaunchMyBankApp_MyBank_01" time="0.787"/>
  <testcase classname="androidTabletTest.AndroidTabletMyBank_01" name="viewAccounts_MyBank_01" time="0.054"/>
  <testcase classname="androidTabletTest.AndroidTabletMyBank_01" name="validateBankingSystem_MyBank_01" time="1.295"/>
  <testcase classname="androidTabletTest.AndroidTabletMyBank_01" name="countAccounts_MyBank_01" time="0.301"/>
  <testcase classname="androidTabletTest.AndroidTabletMyBank_02" name="verifyLaunchMyBankApp_MyBank_02" time="0.175"/>
  <testcase classname="androidTabletTest.AndroidTabletMyBank_02" name="viewAccounts_MyBank_02" time="0.753"/>
  <testcase classname="androidTabletTest.AndroidTabletMyBank_02" name="getUserAccount_MyBank_02" time="2.46"/>
  <testcase classname="androidTabletTest.AndroidTabletMyBank_02" name="validateCustomerName_MyBank_02" time="0.087"/>
  <testcase classname="androidTabletTest.AndroidTabletMyBank_02" name="validateAccountNumber_MyBank_02" time="0.057"/>
  <testcase classname="androidTabletTest.AndroidTabletMyBank_02" name="validateAccountEmail_MyBank_02" time="0.047"/>
  <testcase classname="androidTabletTest.AndroidTabletMyBank_02" name="validateAccountMobileNumber_MyBank_02" time="0.047"/>
  <testcase classname="androidTabletTest.AndroidTabletMyBank_02" name="validateAccountIFSCCode_MyBank_02" time="0.045"/>
  <testcase classname="androidTabletTest.AndroidTabletMyBank_02" name="validateAccountCurrentBalance_MyBank_02" time="0.044"/>
  <testcase classname="androidTabletTest.AndroidTabletMyBank_03" name="verifyLaunchMyBankApp_MyBank_03" time="0.864"/>
  <testcase classname="androidTabletTest.AndroidTabletMyBank_03" name="viewAccounts_MyBank_03" time="0.073"/>
  <testcase classname="androidTabletTest.AndroidTabletMyBank_03" name="getUserAccount_MyBank_03" time="1.221"/>
  <testcase classname="androidTabletTest.AndroidTabletMyBank_03" name="makeTransaction_MyBank_03" time="2.945"/>
  <testcase classname="androidTabletTest.AndroidTabletMyBank_03" name="selectReceiverAndConfirm_MyBank_03" time="1.179"/>
  <testcase classname="androidTabletTest.AndroidTabletMyBank_03" name="verifyTransaction_MyBank_03" time="1.104"/>
  <testcase classname="androidTabletTest.AndroidTabletMyBank_04" name="clickSearchButton_MyBank_04" time="0.161"/>
  <testcase classname="androidTabletTest.AndroidTabletMyBank_04" name="validateTransaction_MyBank_04" time="1.233"/>
</testsuite> <!-- Android Tablet Test -->
