<?xml version="1.0" encoding="UTF-8"?>
<!-- Generated by org.testng.reporters.JUnitXMLReporter -->
<testsuite ignored="0" hostname="collaberas-mbp" failures="0" tests="17" name="Android Phone Test" time="19.393" errors="0" timestamp="2023-05-13T12:08:35 PST">
  <testcase classname="androidPhoneTest.AndroidPhoneMyBank_01" name="verifyLaunchMyBankApp_MyBank_01" time="0.79"/>
  <testcase classname="androidPhoneTest.AndroidPhoneMyBank_01" name="viewAccounts_MyBank_01" time="0.089"/>
  <testcase classname="androidPhoneTest.AndroidPhoneMyBank_01" name="validateBankingSystem_MyBank_01" time="1.358"/>
  <testcase classname="androidPhoneTest.AndroidPhoneMyBank_01" name="countAccounts_MyBank_01" time="0.324"/>
  <testcase classname="androidPhoneTest.AndroidPhoneMyBank_01" name="getUserAccount_MyBank_02" time="0.158"/>
  <testcase classname="androidPhoneTest.AndroidPhoneMyBank_01" name="validateCustomerName_MyBank_02" time="1.204"/>
  <testcase classname="androidPhoneTest.AndroidPhoneMyBank_01" name="validateAccountNumber_MyBank_02" time="0.084"/>
  <testcase classname="androidPhoneTest.AndroidPhoneMyBank_01" name="validateAccountEmail_MyBank_02" time="0.06"/>
  <testcase classname="androidPhoneTest.AndroidPhoneMyBank_01" name="validateAccountMobileNumber_MyBank_02" time="0.058"/>
  <testcase classname="androidPhoneTest.AndroidPhoneMyBank_01" name="validateAccountIFSCCode_MyBank_02" time="0.054"/>
  <testcase classname="androidPhoneTest.AndroidPhoneMyBank_01" name="validateAccountCurrentBalance_MyBank_02" time="0.059"/>
  <testcase classname="androidPhoneTest.AndroidPhoneMyBank_01" name="getUserAccount_MyBank_03" time="1.394"/>
  <testcase classname="androidPhoneTest.AndroidPhoneMyBank_01" name="makeTransaction_MyBank_03" time="2.572"/>
  <testcase classname="androidPhoneTest.AndroidPhoneMyBank_01" name="selectReceiverAndConfirm_MyBank_03" time="1.204"/>
  <testcase classname="androidPhoneTest.AndroidPhoneMyBank_01" name="verifyTransaction_MyBank_03" time="1.271"/>
  <testcase classname="androidPhoneTest.AndroidPhoneMyBank_01" name="clickSearchButton_MyBank_04" time="0.098"/>
  <testcase classname="androidPhoneTest.AndroidPhoneMyBank_01" name="validateTransaction_MyBank_04" time="1.225"/>
</testsuite> <!-- Android Phone Test -->
